<?xml version="1.0" encoding="UTF-8"?>
<testng-results skipped="0" failed="0" ignored="0" total="2" passed="2">
  <reporter-output>
  </reporter-output>
  <suite name="Default suite" duration-ms="23353" started-at="2017-12-21T14:36:46Z" finished-at="2017-12-21T14:37:10Z">
    <groups>
    </groups>
    <test name="Default test" duration-ms="23353" started-at="2017-12-21T14:36:46Z" finished-at="2017-12-21T14:37:10Z">
      <class name="com.realvolve_test.BillingListTest">
        <test-method status="PASS" signature="precondition()[pri:0, instance:com.realvolve_test.BillingListTest@1f57539]" name="precondition" is-config="true" duration-ms="10941" started-at="2017-12-21T20:06:46Z" finished-at="2017-12-21T20:06:57Z">
          <reporter-output>
          </reporter-output>
        </test-method> <!-- precondition -->
        <test-method status="PASS" signature="selectMon()[pri:0, instance:com.realvolve_test.BillingListTest@1f57539]" name="selectMon" duration-ms="5037" started-at="2017-12-21T20:06:57Z" finished-at="2017-12-21T20:07:02Z">
          <reporter-output>
          </reporter-output>
        </test-method> <!-- selectMon -->
        <test-method status="PASS" signature="selectYear()[pri:0, instance:com.realvolve_test.BillingListTest@1f57539]" name="selectYear" duration-ms="4971" started-at="2017-12-21T20:07:02Z" finished-at="2017-12-21T20:07:07Z">
          <reporter-output>
          </reporter-output>
        </test-method> <!-- selectYear -->
        <test-method status="PASS" signature="postcondition()[pri:0, instance:com.realvolve_test.BillingListTest@1f57539]" name="postcondition" is-config="true" duration-ms="2372" started-at="2017-12-21T20:07:07Z" finished-at="2017-12-21T20:07:10Z">
          <reporter-output>
          </reporter-output>
        </test-method> <!-- postcondition -->
      </class> <!-- com.realvolve_test.BillingListTest -->
    </test> <!-- Default test -->
  </suite> <!-- Default suite -->
</testng-results>
