<?xml version="1.0" encoding="UTF-8"?>
<testng-results skipped="0" failed="0" ignored="0" total="1" passed="1">
  <reporter-output>
  </reporter-output>
  <suite name="Default suite" duration-ms="21671" started-at="2018-01-02T14:30:57Z" finished-at="2018-01-02T14:31:19Z">
    <groups>
    </groups>
    <test name="Default test" duration-ms="21671" started-at="2018-01-02T14:30:57Z" finished-at="2018-01-02T14:31:19Z">
      <class name="com.trackive_test.NotificationTest">
        <test-method status="PASS" signature="preconditions()[pri:0, instance:com.trackive_test.NotificationTest@e320068]" name="preconditions" is-config="true" duration-ms="14796" started-at="2018-01-02T20:00:57Z" finished-at="2018-01-02T20:01:12Z">
          <reporter-output>
          </reporter-output>
        </test-method> <!-- preconditions -->
        <test-method status="PASS" signature="clickNotiL()[pri:0, instance:com.trackive_test.NotificationTest@e320068]" name="clickNotiL" duration-ms="6836" started-at="2018-01-02T20:01:12Z" finished-at="2018-01-02T20:01:19Z">
          <reporter-output>
          </reporter-output>
        </test-method> <!-- clickNotiL -->
      </class> <!-- com.trackive_test.NotificationTest -->
    </test> <!-- Default test -->
  </suite> <!-- Default suite -->
</testng-results>
