<?xml version="1.0" encoding="UTF-8"?>
<testng-results skipped="0" failed="0" ignored="0" total="2" passed="2">
  <reporter-output>
  </reporter-output>
  <suite name="Default suite" duration-ms="30718" started-at="2017-12-20T06:53:39Z" finished-at="2017-12-20T06:54:09Z">
    <groups>
    </groups>
    <test name="Default test" duration-ms="30718" started-at="2017-12-20T06:53:39Z" finished-at="2017-12-20T06:54:09Z">
      <class name="test.SupportTest">
        <test-method status="PASS" signature="precondition()[pri:0, instance:test.SupportTest@1f57539]" name="precondition" is-config="true" duration-ms="26130" started-at="2017-12-20T12:23:39Z" finished-at="2017-12-20T12:24:05Z">
          <reporter-output>
          </reporter-output>
        </test-method> <!-- precondition -->
        <test-method status="PASS" signature="move()[pri:1, instance:test.SupportTest@1f57539]" name="move" duration-ms="2357" started-at="2017-12-20T12:24:05Z" finished-at="2017-12-20T12:24:07Z">
          <reporter-output>
          </reporter-output>
        </test-method> <!-- move -->
        <test-method status="PASS" signature="clickOnWebCrawling()[pri:2, instance:test.SupportTest@1f57539]" name="clickOnWebCrawling" duration-ms="2133" started-at="2017-12-20T12:24:07Z" finished-at="2017-12-20T12:24:09Z">
          <reporter-output>
          </reporter-output>
        </test-method> <!-- clickOnWebCrawling -->
        <test-method status="PASS" signature="postconditioin()[pri:0, instance:test.SupportTest@1f57539]" name="postconditioin" is-config="true" duration-ms="71" started-at="2017-12-20T12:24:09Z" finished-at="2017-12-20T12:24:09Z">
          <reporter-output>
          </reporter-output>
        </test-method> <!-- postconditioin -->
      </class> <!-- test.SupportTest -->
    </test> <!-- Default test -->
  </suite> <!-- Default suite -->
</testng-results>
